Removed Pin From Net: NetName=Net5V to 3.3V_1 Pin=DC_motor1-3
Removed Pin From Net: NetName=Net5V to 3.3V_1 Pin=DC_motor2-3
Added Component: Designator=1k_2(AXIAL-0.3)
Added Component: Designator=1k(AXIAL-0.3)
Added Component: Designator=500_2(AXIAL-0.3)
Added Component: Designator=500(AXIAL-0.3)
Added Pin To Net: NetName=GND Pin=1k-1
Added Pin To Net: NetName=GND Pin=1k_2-1
Added Pin To Net: NetName=VDD Pin=7407_2-14
Added Pin To Net: NetName=VDD Pin=7407_3-14
Added Pin To Net: NetName=VDD Pin=7407_4-14
Added Pin To Net: NetName=VDD Pin=DC_MotorDriver1(7407)-14
Added Pin To Net: NetName=VDD Pin=Inductive IC(7407)-14
Added Pin To Net: NetName=Net5V to 3.3V_3 Pin=LLC_DCMotor1-P$3
Added Pin To Net: NetName=NetKANAN_46 Pin=LLC_DCMotor1-P$6
Added Pin To Net: NetName=Net5V to 3.3V_1 Pin=LLC_DCMotor1-P$10
Added Pin To Net: NetName=NetKANAN_45 Pin=LLC_DCMotor2-P$1
Added Pin To Net: NetName=Net5V to 3.3V_3 Pin=LLC_DCMotor2-P$3
Added Pin To Net: NetName=GND Pin=LLC_DCMotor2-P$4
Added Pin To Net: NetName=GND Pin=LLC_DCMotor2-P$9
Added Pin To Net: NetName=Net5V to 3.3V_1 Pin=LLC_DCMotor2-P$10
Added Pin To Net: NetName=Net1k_2_2 Pin=1k_2-2
Added Pin To Net: NetName=Net1k_2_2 Pin=500_2-1
Added Pin To Net: NetName=Net1k_2_2 Pin=KIRI-8
Added Net: Name=Net1k_2_2
Added Pin To Net: NetName=Net1k_2 Pin=1k-2
Added Pin To Net: NetName=Net1k_2 Pin=500-1
Added Pin To Net: NetName=Net1k_2 Pin=KIRI-9
Added Net: Name=Net1k_2
Added Pin To Net: NetName=Net500_2_2 Pin=500_2-2
Added Pin To Net: NetName=Net500_2_2 Pin=OPA2340(buffer)-1
Added Pin To Net: NetName=Net500_2_2 Pin=OPA2340(buffer)-2
Added Net: Name=Net500_2_2
Added Pin To Net: NetName=Net500_2 Pin=500-2
Added Pin To Net: NetName=Net500_2 Pin=OPA2340(buffer)-6
Added Pin To Net: NetName=Net500_2 Pin=OPA2340(buffer)-7
Added Net: Name=Net500_2
Added Pin To Net: NetName=NetDC_motor1_3 Pin=DC_motor1-3
Added Pin To Net: NetName=NetDC_motor1_3 Pin=DC_MotorDriver1(7407)-2
Added Net: Name=NetDC_motor1_3
Added Pin To Net: NetName=NetDC_motor2_3 Pin=DC_motor2-3
Added Pin To Net: NetName=NetDC_motor2_3 Pin=DC_MotorDriver1(7407)-8
Added Net: Name=NetDC_motor2_3
