Removed Pin From Net: NetName=GND Pin=KIRI-6
Removed Pin From Net: NetName=Net1k_2_2 Pin=KIRI-8
Removed Pin From Net: NetName=Net1k_2 Pin=KIRI-9
Removed Pin From Net: NetName=GND Pin=KIRI-24
Removed Pin From Net: NetName=NetKANAN_43 Pin=LCC_comm-P$1
Removed Pin From Net: NetName=NetKANAN_42 Pin=LCC_comm-P$2
Removed Pin From Net: NetName=NetKANAN_47 Pin=LCC_comm-P$5
Removed Pin From Net: NetName=NetKANAN_48 Pin=LCC_comm-P$6
Removed Pin From Net: NetName=NetKANAN_32 Pin=LLC_1-P$1
Removed Pin From Net: NetName=NetKANAN_33 Pin=LLC_1-P$2
Removed Pin From Net: NetName=NetKANAN_34 Pin=LLC_1-P$5
Removed Pin From Net: NetName=NetKANAN_35 Pin=LLC_1-P$6
Removed Pin From Net: NetName=NetKANAN_24 Pin=LLC_CAN bus-P$1
Removed Pin From Net: NetName=NetKANAN_25 Pin=LLC_CAN bus-P$2
Removed Pin From Net: NetName=NetKANAN_19 Pin=LLC_CAN bus-P$5
Removed Pin From Net: NetName=NetKANAN_20 Pin=LLC_CAN bus-P$6
Removed Pin From Net: NetName=NetKANAN_46 Pin=LLC_DCMotor1-P$6
Removed Pin From Net: NetName=NetKANAN_45 Pin=LLC_DCMotor2-P$1
Removed Pin From Net: NetName=NetKIRI_39 Pin=LLC_InductiveSensor-P$1
Removed Pin From Net: NetName=NetKIRI_42 Pin=LLC_InductiveSensor-P$2
Removed Pin From Net: NetName=NetKIRI_41 Pin=LLC_InductiveSensor-P$5
Removed Pin From Net: NetName=NetKIRI_13 Pin=LLC_RTD-P$5
Removed Pin From Net: NetName=NetKIRI_14 Pin=LLC_RTD-P$6
Removed Pin From Net: NetName=NetKANAN_14 Pin=LLC_SolenoidValve1-P$1
Removed Pin From Net: NetName=NetKANAN_13 Pin=LLC_SolenoidValve1-P$2
Removed Pin From Net: NetName=NetKANAN_12 Pin=LLC_SolenoidValve1-P$5
Removed Pin From Net: NetName=NetKIRI_26 Pin=LLC_SolenoidValve1-P$6
Removed Pin From Net: NetName=NetKIRI_25 Pin=LLC_SolenoidValve2-P$1
Removed Pin From Net: NetName=NetKIRI_28 Pin=LLC_SolenoidValve2-P$2
Removed Pin From Net: NetName=NetKIRI_27 Pin=LLC_SolenoidValve2-P$5
Removed Pin From Net: NetName=NetKIRI_30 Pin=LLC_SolenoidValve2-P$6
Removed Pin From Net: NetName=NetKIRI_29 Pin=LLC_SolenoidValve3-P$1
Removed Pin From Net: NetName=NetKIRI_32 Pin=LLC_SolenoidValve3-P$2
Removed Pin From Net: NetName=NetKIRI_31 Pin=LLC_SolenoidValve3-P$5
Removed Pin From Net: NetName=NetKIRI_34 Pin=LLC_SolenoidValve3-P$6
Removed Pin From Net: NetName=NetKIRI_43 Pin=LLC_Transmitter-P$1
Removed Pin From Net: NetName=NetKIRI_44 Pin=LLC_Transmitter-P$2
Removed Pin From Net: NetName=NetKIRI_36 Pin=LLC_Transmitter-P$5
Removed Pin From Net: NetName=NetKIRI_33 Pin=LLC_Transmitter-P$6
Removed Pin From Net: NetName=NetKIRI_15 Pin=op-amp1-3
Removed Pin From Net: NetName=NetKIRI_16 Pin=op-amp1-5
Change Component Footprint: Designator=IS_1 Old Footprint=TO-92 New Footprint=E3
Added Pin To Net: NetName=VDD Pin=7407_2-14
Added Pin To Net: NetName=VDD Pin=7407_3-14
Added Pin To Net: NetName=VDD Pin=7407_4-14
Added Pin To Net: NetName=VDD Pin=DC_MotorDriver1(7407)-14
Added Pin To Net: NetName=VDD Pin=Inductive IC(7407)-14
Added Pin To Net: NetName=GND Pin=KIRI-5
Added Pin To Net: NetName=Net1k_2_2 Pin=KIRI-7
Added Pin To Net: NetName=Net1k_2 Pin=KIRI-10
Added Pin To Net: NetName=GND Pin=KIRI-23
Added Pin To Net: NetName=NetKANAN_44 Pin=LCC_comm-P$1
Added Pin To Net: NetName=NetKANAN_41 Pin=LCC_comm-P$2
Added Pin To Net: NetName=NetKANAN_48 Pin=LCC_comm-P$5
Added Pin To Net: NetName=NetKANAN_47 Pin=LCC_comm-P$6
Added Pin To Net: NetName=NetKANAN_31 Pin=LLC_1-P$1
Added Pin To Net: NetName=NetKANAN_34 Pin=LLC_1-P$2
Added Pin To Net: NetName=NetKANAN_33 Pin=LLC_1-P$5
Added Pin To Net: NetName=NetKANAN_36 Pin=LLC_1-P$6
Added Pin To Net: NetName=NetKANAN_23 Pin=LLC_CAN bus-P$1
Added Pin To Net: NetName=NetKANAN_26 Pin=LLC_CAN bus-P$2
Added Pin To Net: NetName=NetKANAN_20 Pin=LLC_CAN bus-P$5
Added Pin To Net: NetName=NetKANAN_19 Pin=LLC_CAN bus-P$6
Added Pin To Net: NetName=NetKANAN_45 Pin=LLC_DCMotor1-P$6
Added Pin To Net: NetName=NetKANAN_46 Pin=LLC_DCMotor2-P$1
Added Pin To Net: NetName=NetKIRI_40 Pin=LLC_InductiveSensor-P$1
Added Pin To Net: NetName=NetKIRI_41 Pin=LLC_InductiveSensor-P$2
Added Pin To Net: NetName=NetKIRI_42 Pin=LLC_InductiveSensor-P$5
Added Pin To Net: NetName=NetKIRI_14 Pin=LLC_RTD-P$5
Added Pin To Net: NetName=NetKIRI_13 Pin=LLC_RTD-P$6
Added Pin To Net: NetName=NetKANAN_13 Pin=LLC_SolenoidValve1-P$1
Added Pin To Net: NetName=NetKANAN_14 Pin=LLC_SolenoidValve1-P$2
Added Pin To Net: NetName=NetKANAN_11 Pin=LLC_SolenoidValve1-P$5
Added Pin To Net: NetName=NetKIRI_25 Pin=LLC_SolenoidValve1-P$6
Added Pin To Net: NetName=NetKIRI_26 Pin=LLC_SolenoidValve2-P$1
Added Pin To Net: NetName=NetKIRI_27 Pin=LLC_SolenoidValve2-P$2
Added Pin To Net: NetName=NetKIRI_28 Pin=LLC_SolenoidValve2-P$5
Added Pin To Net: NetName=NetKIRI_29 Pin=LLC_SolenoidValve2-P$6
Added Pin To Net: NetName=NetKIRI_30 Pin=LLC_SolenoidValve3-P$1
Added Pin To Net: NetName=NetKIRI_31 Pin=LLC_SolenoidValve3-P$2
Added Pin To Net: NetName=NetKIRI_32 Pin=LLC_SolenoidValve3-P$5
Added Pin To Net: NetName=NetKIRI_33 Pin=LLC_SolenoidValve3-P$6
Added Pin To Net: NetName=NetKIRI_44 Pin=LLC_Transmitter-P$1
Added Pin To Net: NetName=NetKIRI_43 Pin=LLC_Transmitter-P$2
Added Pin To Net: NetName=NetKIRI_35 Pin=LLC_Transmitter-P$5
Added Pin To Net: NetName=NetKIRI_34 Pin=LLC_Transmitter-P$6
Added Pin To Net: NetName=NetKIRI_16 Pin=op-amp1-3
Added Pin To Net: NetName=NetKIRI_15 Pin=op-amp1-5
Added Pin To Net: NetName=NetKIRI_6 Pin=KIRI-6
Added Net: Name=NetKIRI_6
Added Pin To Net: NetName=NetKIRI_8 Pin=KIRI-8
Added Pin To Net: NetName=NetKIRI_8 Pin=OPA2340_CS-1
Added Pin To Net: NetName=NetKIRI_8 Pin=OPA2340_CS-2
Added Net: Name=NetKIRI_8
Added Pin To Net: NetName=NetKIRI_9 Pin=KIRI-9
Added Net: Name=NetKIRI_9
Added Pin To Net: NetName=NetKIRI_24 Pin=KIRI-24
Added Net: Name=NetKIRI_24
