Removed Pin From Net: NetName=GND Pin=0.47uF-1
Removed Pin From Net: NetName=GND Pin=33uF-1
Removed Pin From Net: NetName=Net33uF_2 Pin=33uF-2
Removed Pin From Net: NetName=GND Pin=3940-2
Removed Pin From Net: NetName=Net33uF_2 Pin=3940-3
Removed Pin From Net: NetName=5V Pin=Enc1-1
Removed Pin From Net: NetName=5V Pin=Enc2-1
Removed Pin From Net: NetName=5V Pin=Enc5-1
Removed Pin From Net: NetName=5V Pin=Enc6-1
Removed Pin From Net: NetName=Net10k_flow_1 Pin=Flow_IC(7407)-1
Removed Pin From Net: NetName=GND Pin=Flow_IC(7407)-7
Removed Pin From Net: NetName=VDD Pin=Flow_IC(7407)-14
Removed Pin From Net: NetName=RXD_5V Pin=J11-1
Removed Pin From Net: NetName=TXD_5V Pin=J11-2
Removed Pin From Net: NetName=DTR_5V Pin=J11-3
Removed Pin From Net: NetName=GND Pin=J11-4
Removed Pin From Net: NetName=RTS_5V Pin=J11-5
Removed Pin From Net: NetName=GND Pin=LLC_2-P$1
Removed Pin From Net: NetName=ENCODER2_5V Pin=LLC_4-P$7
Removed Pin From Net: NetName=ENCODER1_5V Pin=LLC_5-P$7
Added Component: Designator=Encoder_IC(7407)(646-06)
Added Component: Designator=flow5(AXIAL-0.3)
Added Component: Designator=flow6(AXIAL-0.3)
Added Component: Designator=flow7(AXIAL-0.3)
Added Component: Designator=flow_1(AXIAL-0.3)
Added Component: Designator=flow_47pF(My_cap100n)
Added Component: Designator=Pressure Transmitter(HDR1X6)
Added Component: Designator=Q8(TO-92)
Added Component: Designator=Q9(TO-92)
Added Pin To Net: NetName=Net5V to 3.3V_1 Pin=Enc1-1
Added Pin To Net: NetName=Net5V to 3.3V_1 Pin=Enc2-1
Added Pin To Net: NetName=Net5V to 3.3V_1 Pin=Enc5-1
Added Pin To Net: NetName=Net5V to 3.3V_1 Pin=Enc6-1
Added Pin To Net: NetName=ENCODER2_5V Pin=Encoder_IC(7407)-2
Added Pin To Net: NetName=ENCODER1_5V Pin=Encoder_IC(7407)-4
Added Pin To Net: NetName=GND Pin=Encoder_IC(7407)-7
Added Pin To Net: NetName=VDD Pin=Encoder_IC(7407)-14
Added Pin To Net: NetName=Net5V to 3.3V_1 Pin=flow5-1
Added Pin To Net: NetName=Net10k_flow_1 Pin=flow5-2
Added Pin To Net: NetName=Net5V to 3.3V_1 Pin=flow6-1
Added Pin To Net: NetName=GND Pin=flow_47pF-1
Added Pin To Net: NetName=Net10k_flow_1 Pin=flow_47pF-2
Added Pin To Net: NetName=Net33uF_2 Pin=J10-1
Added Pin To Net: NetName=GND Pin=Pressure Transmitter-1
Added Pin To Net: NetName=Net5V to 3.3V_1 Pin=Pressure Transmitter-2
Added Pin To Net: NetName=RTS_5V Pin=Pressure Transmitter-3
Added Pin To Net: NetName=DTR_5V Pin=Pressure Transmitter-4
Added Pin To Net: NetName=TXD_5V Pin=Pressure Transmitter-5
Added Pin To Net: NetName=RXD_5V Pin=Pressure Transmitter-6
Added Pin To Net: NetName=Net10k_flow_1 Pin=Q8-1
Added Pin To Net: NetName=GND Pin=Q8-3
Added Pin To Net: NetName=GND Pin=Q9-3
Change Net Name : Old Net Name=ENCODER1_5V New Net Name=NetEnc1_2
Change Net Name : Old Net Name=ENCODER2_5V New Net Name=NetEnc2_47pF_2
Change Net Name : Old Net Name=Net33uF_2 New Net Name=Net47pF_2
Added Pin To Net: NetName=NetEncoder_IC(7407)_1 Pin=Encoder_IC(7407)-1
Added Pin To Net: NetName=NetEncoder_IC(7407)_1 Pin=LLC_4-P$7
Added Net: Name=NetEncoder_IC(7407)_1
Added Pin To Net: NetName=NetEncoder_IC(7407)_3 Pin=Encoder_IC(7407)-3
Added Pin To Net: NetName=NetEncoder_IC(7407)_3 Pin=LLC_5-P$7
Added Net: Name=NetEncoder_IC(7407)_3
Added Pin To Net: NetName=NetEncoder_IC(7407)_5 Pin=Encoder_IC(7407)-5
Added Pin To Net: NetName=NetEncoder_IC(7407)_5 Pin=flow_1-2
Added Net: Name=NetEncoder_IC(7407)_5
Added Pin To Net: NetName=NetEncoder_IC(7407)_6 Pin=Encoder_IC(7407)-6
Added Pin To Net: NetName=NetEncoder_IC(7407)_6 Pin=LLC_3-P$12
Added Net: Name=NetEncoder_IC(7407)_6
Added Pin To Net: NetName=Netflow6_2 Pin=flow6-2
Added Pin To Net: NetName=Netflow6_2 Pin=flow7-2
Added Pin To Net: NetName=Netflow6_2 Pin=Q9-1
Added Net: Name=Netflow6_2
Added Pin To Net: NetName=Netflow7_1 Pin=flow7-1
Added Pin To Net: NetName=Netflow7_1 Pin=Q8-2
Added Net: Name=Netflow7_1
Added Pin To Net: NetName=Netflow_1_1 Pin=flow_1-1
Added Pin To Net: NetName=Netflow_1_1 Pin=Q9-2
Added Net: Name=Netflow_1_1
Added Pin To Net: NetName=NetKIRI_12 Pin=KIRI-12
Added Pin To Net: NetName=NetKIRI_12 Pin=LLC_3-P$1
Added Net: Name=NetKIRI_12
